Flutter crash report.
Please report a bug at https://github.com/flutter/flutter/issues.

## command

flutter create Hork Projets & C:\src\flutter\flutter/bin/internal/exit_with_errorlevel.bat

## exception

FileSystemException: FileSystemException: Exists failed, path = 'Hork Projets & C:\src\flutter\flutter/bin/internal/exit_with_errorlevel.bat' (OS Error: La syntaxe du nom de fichier, de répertoire ou de volume est incorrecte.
, errno = 123)

```
#0      _Directory.existsSync (dart:io/directory_impl.dart:87:7)
#1      ForwardingFileSystemEntity.existsSync (package:file/src/forwarding/forwarding_file_system_entity.dart:43:33)
#2      ErrorHandlingDirectory.existsSync.<anonymous closure> (package:flutter_tools/src/base/error_handling_io.dart:490:22)
#3      _runSync (package:flutter_tools/src/base/error_handling_io.dart:587:14)
#4      ErrorHandlingDirectory.existsSync (package:flutter_tools/src/base/error_handling_io.dart:489:12)
#5      CreateCommand._getProjectType (package:flutter_tools/src/commands/create.dart:171:20)
#6      CreateCommand.runCommand (package:flutter_tools/src/commands/create.dart:211:41)
#7      FlutterCommand.verifyThenRunCommand (package:flutter_tools/src/runner/flutter_command.dart:1758:12)
<asynchronous suspension>
#8      FlutterCommand.run.<anonymous closure> (package:flutter_tools/src/runner/flutter_command.dart:1394:27)
<asynchronous suspension>
#9      AppContext.run.<anonymous closure> (package:flutter_tools/src/base/context.dart:153:19)
<asynchronous suspension>
#10     CommandRunner.runCommand (package:args/command_runner.dart:212:13)
<asynchronous suspension>
#11     FlutterCommandRunner.runCommand.<anonymous closure> (package:flutter_tools/src/runner/flutter_command_runner.dart:372:9)
<asynchronous suspension>
#12     AppContext.run.<anonymous closure> (package:flutter_tools/src/base/context.dart:153:19)
<asynchronous suspension>
#13     FlutterCommandRunner.runCommand (package:flutter_tools/src/runner/flutter_command_runner.dart:308:5)
<asynchronous suspension>
#14     run.<anonymous closure>.<anonymous closure> (package:flutter_tools/runner.dart:130:9)
<asynchronous suspension>
#15     AppContext.run.<anonymous closure> (package:flutter_tools/src/base/context.dart:153:19)
<asynchronous suspension>
#16     main (package:flutter_tools/executable.dart:93:3)
<asynchronous suspension>
```

## flutter doctor

```
[33m[!][39m Flutter (Channel stable, 3.22.0, on Microsoft Windows [version 10.0.22631.4391], locale fr-CH)
    [32m•[39m Flutter version 3.22.0 on channel stable at C:\src\flutter\flutter
    [33m![39m The flutter binary is not on your path. Consider adding C:\src\flutter\flutter\bin to your path.
    [33m![39m The dart binary is not on your path. Consider adding C:\src\flutter\flutter\bin to your path.
    [32m•[39m Upstream repository https://github.com/flutter/flutter.git
    [32m•[39m Framework revision 5dcb86f68f (6 months ago), 2024-05-09 07:39:20 -0500
    [32m•[39m Engine revision f6344b75dc
    [32m•[39m Dart version 3.4.0
    [32m•[39m DevTools version 2.34.3
    [32m•[39m If those were intentional, you can disregard the above warnings; however it is recommended to use "git" directly to perform update checks and upgrades.

[32m[✓][39m Windows Version (Installed version of Windows is version 10 or higher)

[31m[✗][39m Android toolchain - develop for Android devices
    [31m✗[39m Unable to locate Android SDK.
      Install Android Studio from: https://developer.android.com/studio/index.html
      On first launch it will assist you in installing the Android SDK components.
      (or visit https://flutter.dev/docs/get-started/install/windows#android-setup for detailed instructions).
      If the Android SDK has been installed to a custom location, please use
      `flutter config --android-sdk` to update to that location.


[32m[✓][39m Chrome - develop for the web
    [32m•[39m Chrome at C:\Program Files\Google\Chrome\Application\chrome.exe

[32m[✓][39m Visual Studio - develop Windows apps (Visual Studio Community 2022 17.9.2)
    [32m•[39m Visual Studio at C:\Program Files\Microsoft Visual Studio\2022\Community
    [32m•[39m Visual Studio Community 2022 version 17.9.34622.214
    [32m•[39m Windows 10 SDK version 10.0.22621.0

[33m[!][39m Android Studio (not installed)
    [32m•[39m Android Studio not found; download from https://developer.android.com/studio/index.html
      (or visit https://flutter.dev/docs/get-started/install/windows#android-setup for detailed instructions).

[32m[✓][39m VS Code (version 1.95.2)
    [32m•[39m VS Code at C:\Users\mathy\AppData\Local\Programs\Microsoft VS Code
    [32m•[39m Flutter extension version 3.101.20241031

[32m[✓][39m Connected device (3 available)
    [32m•[39m Windows (desktop) • windows • windows-x64    • Microsoft Windows [version 10.0.22631.4391]
    [32m•[39m Chrome (web)      • chrome  • web-javascript • Google Chrome 130.0.6723.117
    [32m•[39m Edge (web)        • edge    • web-javascript • Microsoft Edge 130.0.2849.80

[32m[✓][39m Network resources
    [32m•[39m All expected network resources are available.

[33m![39m Doctor found issues in 3 categories.
```
